<?xml version="1.0" encoding="UTF-8"?>
<!-- Generated by org.testng.reporters.JUnitReportReporter -->
<testsuite skipped="0" hostname="ip-172-31-71-173" name="test.LoginTest" tests="1" failures="0" timestamp="2021-07-03T07:21:18 UTC" time="5.521" errors="0">
  <testcase name="LoginTestcase" time="5.521" classname="test.LoginTest"/>
  <system-out/>
</testsuite> <!-- test.LoginTest -->
