<?xml version="1.0" encoding="UTF-8"?>
<!-- Generated by org.testng.reporters.JUnitReportReporter -->
<testsuite skipped="0" hostname="ip-172-31-71-173" name="test.LoginTest" tests="1" failures="0" timestamp="2021-06-27T18:39:48 UTC" time="2.745" errors="0">
  <testcase name="LoginTestCase" time="2.745" classname="test.LoginTest"/>
  <system-out/>
</testsuite> <!-- test.LoginTest -->
