<?xml version="1.0" encoding="UTF-8"?>
<!-- Generated by org.testng.reporters.JUnitReportReporter -->
<testsuite skipped="0" hostname="ip-172-31-71-173" name="testng.com.TestCase1" tests="1" failures="0" timestamp="2021-06-19T06:10:12 UTC" time="0.001" errors="0">
  <testcase name="CheckoutPage1" time="0.001" classname="testng.com.TestCase1"/>
  <system-out/>
</testsuite> <!-- testng.com.TestCase1 -->
