<?xml version="1.0" encoding="UTF-8"?>
<!-- Generated by org.testng.reporters.JUnitReportReporter -->
<testsuite skipped="0" hostname="ip-172-31-71-173" name="testng.com.TestCase2" tests="3" failures="0" timestamp="2021-06-19T06:19:39 UTC" time="0.015" errors="0">
  <testcase name="ReferralTest1" time="0.013" classname="testng.com.TestCase2"/>
  <system-out/>
  <testcase name="ReferralTest2" time="0.001" classname="testng.com.TestCase2"/>
  <system-out/>
  <testcase name="ReferralTest3" time="0.001" classname="testng.com.TestCase2"/>
  <system-out/>
</testsuite> <!-- testng.com.TestCase2 -->
