<?xml version="1.0" encoding="UTF-8"?>
<!-- Generated by org.testng.reporters.JUnitReportReporter -->
<testsuite skipped="0" hostname="ip-172-31-71-173" name="testng.com.Test2" tests="1" failures="0" timestamp="2021-06-19T06:10:12 UTC" time="0.005" errors="0">
  <testcase name="HomePageTest" time="0.005" classname="testng.com.Test2"/>
  <system-out/>
</testsuite> <!-- testng.com.Test2 -->
