<?xml version="1.0" encoding="UTF-8"?>
<!-- Generated by org.testng.reporters.JUnitReportReporter -->
<testsuite skipped="1" hostname="ip-172-31-71-173" name="Test.LoginTest" tests="2" failures="0" timestamp="2021-06-26T19:41:53 UTC" time="6.808" errors="0">
  <testcase name="LoginTestCase2" time="6.808" classname="Test.LoginTest"/>
  <system-out/>
  <testcase name="LoginTestCase1" classname="Test.LoginTest">
    <skipped/>
  </testcase> <!-- LoginTestCase1 -->
  <system-out/>
</testsuite> <!-- Test.LoginTest -->
