<?xml version="1.0" encoding="UTF-8"?>
<!-- Generated by org.testng.reporters.JUnitReportReporter -->
<testsuite skipped="0" hostname="ip-172-31-71-173" name="shopping.com.ShoppingTestCase" tests="2" failures="0" timestamp="2021-06-20T07:28:52 UTC" time="0.884" errors="0">
  <testcase name="loginTest" time="0.565" classname="shopping.com.ShoppingTestCase"/>
  <system-out/>
  <testcase name="addToCart" time="0.319" classname="shopping.com.ShoppingTestCase"/>
  <system-out/>
</testsuite> <!-- shopping.com.ShoppingTestCase -->
