<?xml version="1.0" encoding="UTF-8"?>
<!-- Generated by org.testng.reporters.JUnitReportReporter -->
<testsuite skipped="0" hostname="ip-172-31-71-173" name="testng.com.LoginTest" tests="1" failures="0" timestamp="2021-06-20T05:53:53 UTC" time="6.068" errors="0">
  <testcase name="loginTest" time="6.068" classname="testng.com.LoginTest"/>
  <system-out/>
</testsuite> <!-- testng.com.LoginTest -->
